0 info it worked if it ends with ok
1 verbose cli [ 'C:\\Program Files\\nodejs\\node.exe',
1 verbose cli   'C:\\Program Files\\nodejs\\node_modules\\npm\\bin\\npm-cli.js',
1 verbose cli   'run',
1 verbose cli   'start' ]
2 info using npm@3.10.10
3 info using node@v6.10.2
4 verbose run-script [ 'prestart', 'start', 'poststart' ]
5 info lifecycle wt-project@1.0.0~prestart: wt-project@1.0.0
6 silly lifecycle wt-project@1.0.0~prestart: no script for prestart, continuing
7 info lifecycle wt-project@1.0.0~start: wt-project@1.0.0
8 verbose lifecycle wt-project@1.0.0~start: unsafe-perm in lifecycle true
9 verbose lifecycle wt-project@1.0.0~start: PATH: C:\Program Files\nodejs\node_modules\npm\bin\node-gyp-bin;C:\Users\sonja\Documents\FH\Semester_7\WT\easydocbooking\node_modules\.bin;C:\ProgramData\Oracle\Java\javapath;C:\Program Files (x86)\Razer Chroma SDK\bin;C:\Program Files\Razer Chroma SDK\bin;C:\Windows\system32;C:\Windows;C:\Windows\System32\Wbem;C:\Windows\System32\WindowsPowerShell\v1.0\;C:\Program Files (x86)\NVIDIA Corporation\PhysX\Common;C:\Users\Administrator\AppData\Local\Microsoft\WindowsApps;C:\Program Files\Microsoft SQL Server\130\Tools\Binn\;C:\Program Files\dotnet\;C:\Program Files\Git\cmd;C:\Program Files\nodejs\;C:\Program Files\PuTTY\;C:\Program Files\MiKTeX 2.9\miktex\bin\x64\;C:\Program Files (x86)\Pandoc\;C:\WINDOWS\system32;C:\WINDOWS;C:\WINDOWS\System32\Wbem;C:\WINDOWS\System32\WindowsPowerShell\v1.0\;C:\Program Files\MySQL\MySQL Utilities 1.6\;C:\Program Files\Cloud Foundry;C:\Program Files\MongoDB\Server\3.6\bin
10 verbose lifecycle wt-project@1.0.0~start: CWD: C:\Users\sonja\Documents\FH\Semester_7\WT\easydocbooking
11 silly lifecycle wt-project@1.0.0~start: Args: [ '/d /s /c', 'node docbooking_server/app.js' ]
12 silly lifecycle wt-project@1.0.0~start: Returned: code: 1  signal: null
13 info lifecycle wt-project@1.0.0~start: Failed to exec start script
14 verbose stack Error: wt-project@1.0.0 start: `node docbooking_server/app.js`
14 verbose stack Exit status 1
14 verbose stack     at EventEmitter.<anonymous> (C:\Program Files\nodejs\node_modules\npm\lib\utils\lifecycle.js:255:16)
14 verbose stack     at emitTwo (events.js:106:13)
14 verbose stack     at EventEmitter.emit (events.js:191:7)
14 verbose stack     at ChildProcess.<anonymous> (C:\Program Files\nodejs\node_modules\npm\lib\utils\spawn.js:40:14)
14 verbose stack     at emitTwo (events.js:106:13)
14 verbose stack     at ChildProcess.emit (events.js:191:7)
14 verbose stack     at maybeClose (internal/child_process.js:886:16)
14 verbose stack     at Process.ChildProcess._handle.onexit (internal/child_process.js:226:5)
15 verbose pkgid wt-project@1.0.0
16 verbose cwd C:\Users\sonja\Documents\FH\Semester_7\WT\easydocbooking
17 error Windows_NT 10.0.16299
18 error argv "C:\\Program Files\\nodejs\\node.exe" "C:\\Program Files\\nodejs\\node_modules\\npm\\bin\\npm-cli.js" "run" "start"
19 error node v6.10.2
20 error npm  v3.10.10
21 error code ELIFECYCLE
22 error wt-project@1.0.0 start: `node docbooking_server/app.js`
22 error Exit status 1
23 error Failed at the wt-project@1.0.0 start script 'node docbooking_server/app.js'.
23 error Make sure you have the latest version of node.js and npm installed.
23 error If you do, this is most likely a problem with the wt-project package,
23 error not with npm itself.
23 error Tell the author that this fails on your system:
23 error     node docbooking_server/app.js
23 error You can get information on how to open an issue for this project with:
23 error     npm bugs wt-project
23 error Or if that isn't available, you can get their info via:
23 error     npm owner ls wt-project
23 error There is likely additional logging output above.
24 verbose exit [ 1, true ]
